Mar 03, 2023 6:27:44 PM org.eclipse.birt.chart.device.swt.SwtDisplayServer <init>
INFOS: SWT Display Server: win32 v4,430
Mar 03, 2023 6:27:44 PM org.eclipse.birt.chart.device.swt.R31Enhance <clinit>
INFOS: Advanced SWT graphics functions enabled.
Mar 03, 2023 6:27:44 PM org.eclipse.birt.chart.device.swt.SwtRendererImpl setProperty
INFOS: Using graphics context org.eclipse.swt.graphics.GC@GC {167844551}
Mar 03, 2023 6:27:44 PM org.eclipse.birt.chart.script.AbstractScriptHandler register
INFOS: Trying to load Chart Java event handler class...
Mar 03, 2023 6:27:44 PM org.eclipse.birt.chart.script.AbstractScriptHandler register
INFOS: A Chart Java event handler class [class com.nvidia.viper.chart.ui.SWTViperChartEventHandler] has been loaded successfully.
Mar 03, 2023 6:27:44 PM org.eclipse.birt.chart.computation.withaxes.PlotWith2DAxes getMinMax
INFOS: Processing stacked info for axis org.eclipse.birt.chart.model.component.impl.AxisImpl@12532e37 (type: Linear, titlePosition: Left, gapWidth: <unset>, orientation: Vertical, labelPosition: Left, staggered: <unset>, interval: <unset>, primaryAxis: true, categoryAxis: <unset>, percent: false, labelWithinAxes: <unset>, aligned: <unset>, sideBySide: <unset>, labelSpan: <unset>, axisPercent: <unset>)
Mar 03, 2023 6:27:44 PM org.eclipse.birt.chart.render.EmptyWithAxes renderSeries
INFOS: org.eclipse.birt.chart.render.EmptyWithAxes: renderSeries() [1/5]
Mar 03, 2023 6:27:44 PM org.eclipse.birt.chart.extension.render.Bar renderSeries
INFOS: org.eclipse.birt.chart.extension.render.Bar: renderSeries() [2/5]
Mar 03, 2023 6:27:44 PM org.eclipse.birt.chart.extension.render.Bar renderSeries
INFOS: org.eclipse.birt.chart.extension.render.Bar: renderSeries() [3/5]
Mar 03, 2023 6:27:44 PM org.eclipse.birt.chart.extension.render.Bar renderSeries
INFOS: org.eclipse.birt.chart.extension.render.Bar: renderSeries() [4/5]
Mar 03, 2023 6:27:44 PM org.eclipse.birt.chart.extension.render.Bar renderSeries
INFOS: org.eclipse.birt.chart.extension.render.Bar: renderSeries() [5/5]
Mar 03, 2023 6:27:44 PM org.eclipse.birt.chart.device.swt.SwtRendererImpl enableInteraction
INFOS: Cannot enable interaction if an IUpdateNotifier is not associated with the renderer.
Mar 03, 2023 6:27:44 PM org.eclipse.birt.chart.device.swt.SwtRendererImpl enableInteraction
INFOS: Cannot enable interaction if an IUpdateNotifier is not associated with the renderer.
Mar 03, 2023 6:27:44 PM org.eclipse.birt.chart.device.swt.SwtRendererImpl enableInteraction
INFOS: Cannot enable interaction if an IUpdateNotifier is not associated with the renderer.
Mar 03, 2023 6:27:44 PM org.eclipse.birt.chart.device.swt.SwtRendererImpl enableInteraction
INFOS: Cannot enable interaction if an IUpdateNotifier is not associated with the renderer.
Mar 03, 2023 6:27:44 PM org.eclipse.birt.chart.device.swt.SwtRendererImpl enableInteraction
INFOS: Cannot enable interaction if an IUpdateNotifier is not associated with the renderer.
Mar 03, 2023 6:27:44 PM org.eclipse.birt.chart.device.swt.SwtRendererImpl enableInteraction
INFOS: Cannot enable interaction if an IUpdateNotifier is not associated with the renderer.
Mar 03, 2023 6:27:44 PM org.eclipse.birt.chart.device.swt.SwtRendererImpl enableInteraction
INFOS: Cannot enable interaction if an IUpdateNotifier is not associated with the renderer.
Mar 03, 2023 6:27:44 PM org.eclipse.birt.chart.device.swt.SwtRendererImpl enableInteraction
INFOS: Cannot enable interaction if an IUpdateNotifier is not associated with the renderer.
Mar 03, 2023 6:27:44 PM org.eclipse.birt.chart.device.swt.SwtRendererImpl enableInteraction
INFOS: Cannot enable interaction if an IUpdateNotifier is not associated with the renderer.
Mar 03, 2023 6:27:44 PM org.eclipse.birt.chart.device.swt.SwtRendererImpl enableInteraction
INFOS: Cannot enable interaction if an IUpdateNotifier is not associated with the renderer.
Mar 03, 2023 6:27:44 PM org.eclipse.birt.chart.device.swt.SwtRendererImpl enableInteraction
INFOS: Cannot enable interaction if an IUpdateNotifier is not associated with the renderer.
Mar 03, 2023 6:27:44 PM org.eclipse.birt.chart.device.swt.SwtRendererImpl enableInteraction
INFOS: Cannot enable interaction if an IUpdateNotifier is not associated with the renderer.
Mar 03, 2023 6:27:44 PM org.eclipse.birt.chart.device.swt.SwtRendererImpl enableInteraction
INFOS: Cannot enable interaction if an IUpdateNotifier is not associated with the renderer.
